firefly2@firefly2-Mastermind:~/workspace/catkin_ws$ roslaunch asctec_proc asctec_driver_nodelets.launch 
... logging to /home/firefly2/.ros/log/53bf47a6-504d-11e7-a542-000e8e313d65/roslaunch-firefly2-Mastermind-7978.log
Checking log directory for disk usage. This may take awhile.
Press Ctrl-C to interrupt
Done checking log file disk usage. Usage is <1GB.

started roslaunch server http://firefly2-Mastermind:44997/

SUMMARY
========

PARAMETERS
 * /AutoPilotNodelet/enable_GPS_DATA: True
 * /AutoPilotNodelet/enable_IMU_CALCDATA: True
 * /AutoPilotNodelet/enable_LL_STATUS: True
 * /AutoPilotNodelet/freq: 20.0
 * /AutoPilotNodelet/interval_GPS_DATA: 1
 * /AutoPilotNodelet/interval_IMU_CALCDATA: 1
 * /AutoPilotNodelet/interval_LL_STATUS: 2
 * /AutoPilotNodelet/offset_GPS_DATA: 0
 * /AutoPilotNodelet/offset_IMU_CALCDATA: 0
 * /AutoPilotNodelet/offset_LL_STATUS: 0
 * /AutoPilotNodelet/port: /dev/ttyS3
 * /AutoPilotNodelet/speed: 57600
 * /rosdistro: kinetic
 * /rosversion: 1.12.7

NODES
  /
    AsctecProcNodelet (nodelet/nodelet)
    AutoPilotNodelet (nodelet/nodelet)
    pelican_manager (nodelet/nodelet)

auto-starting new master
process[master]: started with pid [7989]
ROS_MASTER_URI=http://localhost:11311

setting /run_id to 53bf47a6-504d-11e7-a542-000e8e313d65
process[rosout-1]: started with pid [8002]
started core service [/rosout]
process[pelican_manager-2]: started with pid [8014]
process[AutoPilotNodelet-3]: started with pid [8020]
process[AsctecProcNodelet-4]: started with pid [8021]
[ INFO] [1497367871.456715308]: Initializing nodelet with 2 worker threads.
[ INFO] [1497367871.472467487]: Loading nodelet /AutoPilotNodelet of type asctec_autopilot/AutoPilotNodelet to manager pelican_manager with the following remappings:
[ INFO] [1497367871.477196416]: Loading nodelet /AsctecProcNodelet of type asctec_proc/AsctecProcNodelet to manager pelican_manager with the following remappings:
[ INFO] [1497367871.550895776]: Initializing Autopilot Nodelet
[ INFO] [1497367871.554720338]: Creating AutoPilot Interface
[ INFO] [1497367871.582694745]: Initializing serial port...
[ INFO] [1497367871.582916716]: Successfully connected to /dev/ttyS3, Baudrate 57600

[ INFO] [1497367871.585386544]: Publishing LL_STATUS data
[ INFO] [1497367871.586741907]: Publishing IMU_CALCDATA data
[ INFO] [1497367871.587965261]: Publishing GPS_DATA data
[ INFO] [1497367871.588011430]: Control Disabled
[ INFO] [1497367871.666293322]: Initializing AsctecProc Nodelet
[ INFO] [1497367871.666417159]: Starting AsctecProc
[ERROR] [1497367914.167896034]:   Unexpected Data: Flushing receive buffer
[ERROR] [1497367948.668052041]:   Unexpected Data: Flushing receive buffer
